#
# There is insufficient memory for the Java Runtime Environment to continue.
# Native memory allocation (mmap) failed to map 123731968 bytes. Error detail: G1 virtual space
# Possible reasons:
#   The system is out of physical RAM or swap space
#   This process is running with CompressedOops enabled, and the Java Heap may be blocking the growth of the native heap
# Possible solutions:
#   Reduce memory load on the system
#   Increase physical memory or swap space
#   Check if swap backing store is full
#   Decrease Java heap size (-Xmx/-Xms)
#   Decrease number of Java threads
#   Decrease Java thread stack sizes (-Xss)
#   Set larger code cache with -XX:ReservedCodeCacheSize=
#   JVM is running with Unscaled Compressed Oops mode in which the Java heap is
#     placed in the first 4GB address space. The Java Heap base address is the
#     maximum limit for the native heap growth. Please use -XX:HeapBaseMinAddress
#     to set the Java Heap base and to place the Java Heap above 4GB virtual address.
# This output file may be truncated or incomplete.
#
#  Out of Memory Error (os_windows.cpp:3703), pid=24812, tid=32824
#
# JRE version:  (23.0.1+11) (build )
# Java VM: Java HotSpot(TM) 64-Bit Server VM (23.0.1+11-39, mixed mode, sharing, tiered, compressed oops, compressed class ptrs, g1 gc, windows-amd64)
# No core dump will be written. Minidumps are not enabled by default on client versions of Windows
#

---------------  S U M M A R Y ------------

Command Line: -Dclassworlds.conf=C:\tools\apache-maven-3.9.5\bin\m2.conf -Dmaven.home=C:\tools\apache-maven-3.9.5 -Dlibrary.jansi.path=C:\tools\apache-maven-3.9.5\lib\jansi-native -Dmaven.multiModuleProjectDirectory=C:\Desktop\Medical Records\MedicalAppointmentSystem org.codehaus.plexus.classworlds.launcher.Launcher --version

Host: AMD Ryzen 5 5625U with Radeon Graphics         , 12 cores, 7G,  Windows 11 , 64 bit Build 26100 (10.0.26100.8246)
Time: Tue May  5 19:28:02 2026 Sri Lanka Standard Time elapsed time: 2.047052 seconds (0d 0h 0m 2s)

---------------  T H R E A D  ---------------

Current thread (0x000002b2b5fb5690):  JavaThread "Unknown thread" [_thread_in_vm, id=32824, stack(0x000000c24c800000,0x000000c24c900000) (1024K)]

Stack: [0x000000c24c800000,0x000000c24c900000]
Native frames: (J=compiled Java code, j=interpreted, Vv=VM code, C=native code)
V  [jvm.dll+0x6e08b9]  (no source info available)
V  [jvm.dll+0x87dc83]  (no source info available)
V  [jvm.dll+0x88010e]  (no source info available)
V  [jvm.dll+0x8807e3]  (no source info available)
V  [jvm.dll+0x27aee6]  (no source info available)
V  [jvm.dll+0x6dd1c5]  (no source info available)
V  [jvm.dll+0x6d104a]  (no source info available)
V  [jvm.dll+0x35b3ea]  (no source info available)
V  [jvm.dll+0x3637f6]  (no source info available)
V  [jvm.dll+0x34fd5e]  (no source info available)
V  [jvm.dll+0x34fff8]  (no source info available)
V  [jvm.dll+0x3289cc]  (no source info available)
V  [jvm.dll+0x32966e]  (no source info available)
V  [jvm.dll+0x844355]  (no source info available)
V  [jvm.dll+0x3b9848]  (no source info available)
V  [jvm.dll+0x82d14c]  (no source info available)
V  [jvm.dll+0x454d4e]  (no source info available)
V  [jvm.dll+0x456bd1]  (no source info available)
C  [jli.dll+0x52a3]  (no source info available)
C  [ucrtbase.dll+0x37b0]  (no source info available)
C  [KERNEL32.DLL+0x2e8d7]  (no source info available)
C  [ntdll.dll+0x8c3fc]  (no source info available)

Lock stack of current Java thread (top to bottom):


---------------  P R O C E S S  ---------------

Threads class SMR info:
_java_thread_list=0x00007fff88003618, length=0, elements={
}

Java Threads: ( => current thread )
Total: 0

Other Threads:
  0x000002b2b6002b00 WorkerThread "GC Thread#0"                     [id=22900, stack(0x000000c24c900000,0x000000c24ca00000) (1024K)]
  0x000002b2b6033500 ConcurrentGCThread "G1 Main Marker"            [id=22692, stack(0x000000c24ca00000,0x000000c24cb00000) (1024K)]
  0x000002b2b6035640 WorkerThread "G1 Conc#0"                       [id=28116, stack(0x000000c24cb00000,0x000000c24cc00000) (1024K)]

[error occurred during error reporting (printing all threads), id 0xc0000005, EXCEPTION_ACCESS_VIOLATION (0xc0000005) at pc=0x00007fff8774bfba]
VM state: not at safepoint (not fully initialized)

VM Mutex/Monitor currently owned by a thread:  ([mutex/lock_event])
[0x00007fff88083a10] Heap_lock - owner thread: 0x000002b2b5fb5690

Heap address: 0x000000008a400000, size: 1884 MB, Compressed Oops mode: 32-bit

CDS archive(s) mapped at: [0x0000000000000000-0x0000000000000000-0x0000000000000000), size 0, SharedBaseAddress: 0x0000000800000000, ArchiveRelocationMode: 1.
Narrow klass base: 0x0000000000000000, Narrow klass shift: 0, Narrow klass range: 0x0

GC Precious Log:
 CardTable entry size: 512
 Card Set container configuration: InlinePtr #cards 5 size 8 Array Of Cards #cards 10 size 36 Howl #buckets 4 coarsen threshold 1843 Howl Bitmap #cards 512 size 80 coarsen threshold 460 Card regions per heap region 1 cards per card region 2048

Heap:
 garbage-first heap   total reserved 1929216K, committed 0K, used 0K [0x000000008a400000, 0x0000000100000000)
  region size 1024K, 0 young (0K), 0 survivors (0K)

[error occurred during error reporting (printing heap information), id 0xc0000005, EXCEPTION_ACCESS_VIOLATION (0xc0000005) at pc=0x00007fff87b4c3c9]
GC Heap History (0 events):
No events

Dll operation events (1 events):
Event: 0.033 Loaded shared library C:\Program Files\Java\jdk-23\bin\java.dll

Deoptimization events (0 events):
No events

Classes loaded (0 events):
No events

Classes unloaded (0 events):
No events

Classes redefined (0 events):
No events

Internal exceptions (0 events):
No events

VM Operations (0 events):
No events

Memory protections (0 events):
No events

Nmethod flushes (0 events):
No events

Events (0 events):
No events


Dynamic libraries:
0x00007ff618140000 - 0x00007ff618150000 	C:\Program Files\Java\jdk-23\bin\java.exe
0x00007ff83d540000 - 0x00007ff83d7a7000 	C:\WINDOWS\SYSTEM32\ntdll.dll
0x00007ff801630000 - 0x00007ff801651000 	C:\Program Files\Avast Software\Avast\aswhook.dll
0x00007ff83bf60000 - 0x00007ff83c029000 	C:\WINDOWS\System32\KERNEL32.DLL
0x00007ff83a680000 - 0x00007ff83aa74000 	C:\WINDOWS\System32\KERNELBASE.dll
0x00007ff83b180000 - 0x00007ff83b2cb000 	C:\WINDOWS\System32\ucrtbase.dll
0x00007ff834730000 - 0x00007ff83474b000 	C:\Program Files\Java\jdk-23\bin\VCRUNTIME140.dll
0x00007ffff9600000 - 0x00007ffff9617000 	C:\Program Files\Java\jdk-23\bin\jli.dll
0x00007ff839210000 - 0x00007ff8394a3000 	C:\WINDOWS\WinSxS\amd64_microsoft.windows.common-controls_6595b64144ccf1df_6.0.26100.8115_none_3e075c82e3354f9c\COMCTL32.dll
0x00007ff83b6f0000 - 0x00007ff83b8b5000 	C:\WINDOWS\System32\USER32.dll
0x00007ff83c920000 - 0x00007ff83c9c9000 	C:\WINDOWS\System32\msvcrt.dll
0x00007ff83ad00000 - 0x00007ff83ad27000 	C:\WINDOWS\System32\win32u.dll
0x00007ff83c8d0000 - 0x00007ff83c8fb000 	C:\WINDOWS\System32\GDI32.dll
0x00007ff83aa80000 - 0x00007ff83abab000 	C:\WINDOWS\System32\gdi32full.dll
0x00007ff83aea0000 - 0x00007ff83af43000 	C:\WINDOWS\System32\msvcp_win.dll
0x00007ff83be90000 - 0x00007ff83bec2000 	C:\WINDOWS\System32\IMM32.DLL
0x00007ff82b7e0000 - 0x00007ff82b7ec000 	C:\Program Files\Java\jdk-23\bin\vcruntime140_1.dll
0x00007ffff9630000 - 0x00007ffff96be000 	C:\Program Files\Java\jdk-23\bin\msvcp140.dll
0x00007fff87410000 - 0x00007fff8815f000 	C:\Program Files\Java\jdk-23\bin\server\jvm.dll
0x00007ff83bcb0000 - 0x00007ff83bd66000 	C:\WINDOWS\System32\ADVAPI32.dll
0x00007ff83c7a0000 - 0x00007ff83c847000 	C:\WINDOWS\System32\sechost.dll
0x00007ff83bd70000 - 0x00007ff83be88000 	C:\WINDOWS\System32\RPCRT4.dll
0x00007ff83bed0000 - 0x00007ff83bf50000 	C:\WINDOWS\System32\WS2_32.dll
0x00007ff839c70000 - 0x00007ff839cce000 	C:\WINDOWS\SYSTEM32\POWRPROF.dll
0x00007ff8314d0000 - 0x00007ff831506000 	C:\WINDOWS\SYSTEM32\WINMM.dll
0x00007ff832310000 - 0x00007ff83231b000 	C:\WINDOWS\SYSTEM32\VERSION.dll
0x00007ff839c50000 - 0x00007ff839c64000 	C:\WINDOWS\SYSTEM32\UMPDC.dll
0x00007ff838270000 - 0x00007ff83828b000 	C:\WINDOWS\SYSTEM32\kernel.appcore.dll
0x00007ff809e50000 - 0x00007ff809e5a000 	C:\Program Files\Java\jdk-23\bin\jimage.dll
0x00007ff8395c0000 - 0x00007ff839802000 	C:\WINDOWS\SYSTEM32\DBGHELP.DLL
0x00007ff83b2d0000 - 0x00007ff83b652000 	C:\WINDOWS\System32\combase.dll
0x00007ff83bbd0000 - 0x00007ff83bca8000 	C:\WINDOWS\System32\OLEAUT32.dll
0x00007ff8394b0000 - 0x00007ff8394eb000 	C:\WINDOWS\SYSTEM32\dbgcore.DLL
0x00007ff83b0d0000 - 0x00007ff83b175000 	C:\WINDOWS\System32\bcryptPrimitives.dll
0x00007ff809d50000 - 0x00007ff809d6e000 	C:\Program Files\Java\jdk-23\bin\java.dll
0x00007ff83c9d0000 - 0x00007ff83cb67000 	C:\WINDOWS\System32\ole32.dll
0x00007ff83cd90000 - 0x00007ff83d4f7000 	C:\WINDOWS\System32\SHELL32.dll
0x00007ff83ad30000 - 0x00007ff83ae9a000 	C:\WINDOWS\System32\wintypes.dll

dbghelp: loaded successfully - version: 4.0.5 - missing functions: none
symbol engine: initialized successfully - sym options: 0x614 - pdb path: .;C:\Program Files\Java\jdk-23\bin;C:\WINDOWS\SYSTEM32;C:\Program Files\Avast Software\Avast;C:\WINDOWS\WinSxS\amd64_microsoft.windows.common-controls_6595b64144ccf1df_6.0.26100.8115_none_3e075c82e3354f9c;C:\Program Files\Java\jdk-23\bin\server

VM Arguments:
jvm_args: -Dclassworlds.conf=C:\tools\apache-maven-3.9.5\bin\m2.conf -Dmaven.home=C:\tools\apache-maven-3.9.5 -Dlibrary.jansi.path=C:\tools\apache-maven-3.9.5\lib\jansi-native -Dmaven.multiModuleProjectDirectory=C:\Desktop\Medical Records\MedicalAppointmentSystem 
java_command: org.codehaus.plexus.classworlds.launcher.Launcher --version
java_class_path (initial): C:\tools\apache-maven-3.9.5\boot\plexus-classworlds-2.7.0.jar
Launcher Type: SUN_STANDARD

[Global flags]
     intx CICompilerCount                          = 4                                         {product} {ergonomic}
     uint ConcGCThreads                            = 3                                         {product} {ergonomic}
     uint G1ConcRefinementThreads                  = 10                                        {product} {ergonomic}
   size_t G1HeapRegionSize                         = 1048576                                   {product} {ergonomic}
   size_t InitialHeapSize                          = 123731968                                 {product} {ergonomic}
   size_t MarkStackSize                            = 4194304                                   {product} {ergonomic}
   size_t MarkStackSizeMax                         = 536870912                                 {product} {ergonomic}
   size_t MaxHeapSize                              = 1975517184                                {product} {ergonomic}
   size_t MinHeapDeltaBytes                        = 1048576                                   {product} {ergonomic}
   size_t MinHeapSize                              = 8388608                                   {product} {ergonomic}
    uintx NonNMethodCodeHeapSize                   = 5832704                                {pd product} {ergonomic}
    uintx NonProfiledCodeHeapSize                  = 122945536                              {pd product} {ergonomic}
    uintx ProfiledCodeHeapSize                     = 122880000                              {pd product} {ergonomic}
    uintx ReservedCodeCacheSize                    = 251658240                              {pd product} {ergonomic}
     bool SegmentedCodeCache                       = true                                      {product} {ergonomic}
   size_t SoftMaxHeapSize                          = 1975517184                             {manageable} {ergonomic}
     bool UseCompressedOops                        = true                           {product lp64_product} {ergonomic}
     bool UseG1GC                                  = true                                      {product} {ergonomic}
     bool UseLargePagesIndividualAllocation        = false                                  {pd product} {ergonomic}

Logging:
Log output configuration:
 #0: stdout all=warning uptime,level,tags foldmultilines=false
 #1: stderr all=off uptime,level,tags foldmultilines=false

Environment Variables:
JAVA_HOME=C:\\Program Files\\Java\\jdk-23
PATH=C:\Program Files\Common Files\Oracle\Java\javapath;C:\WINDOWS\system32;C:\WINDOWS;C:\WINDOWS\System32\Wbem;C:\WINDOWS\System32\WindowsPowerShell\v1.0\;C:\WINDOWS\System32\OpenSSH\;C:\Program Files\dotnet\;C:\Program Files\Java\jdk-22\bin;C:\Program Files\cursor\resources\app\bin;C:\Program Files\Git\cmd;C:\Users\chami\AppData\Local\nvm;C:\nvm4w\nodejs;C:\Users\chami\AppData\Local\Microsoft\WindowsApps;C:\Users\chami\AppData\Local\Programs\Microsoft VS Code\bin;C:\Users\chami\AppData\Local\Programs\cursor\resources\app\bin;C:\Users\chami\AppData\Local\Programs\Windsurf\bin;C:\Users\chami\AppData\Local\Python\bin;C:\Users\chami\AppData\Roaming\npm;C:\Users\chami\AppData\Local\nvm;C:\nvm4w\nodejs;C:\Users\chami\AppData\Local\Programs\Antigravity\bin;C:\flutter\bin\bin
USERNAME=chami
OS=Windows_NT
PROCESSOR_IDENTIFIER=AMD64 Family 25 Model 80 Stepping 0, AuthenticAMD
TMP=C:\Users\chami\AppData\Local\Temp
TEMP=C:\Users\chami\AppData\Local\Temp




Periodic native trim disabled

---------------  S Y S T E M  ---------------

OS:
 Windows 11 , 64 bit Build 26100 (10.0.26100.8246)
OS uptime: 1 days 7:13 hours
Hyper-V role detected

CPU: total 12 (initial active 12) (12 cores per cpu, 2 threads per core) family 25 model 80 stepping 0 microcode 0xa500014, cx8, cmov, fxsr, ht, mmx, 3dnowpref, sse, sse2, sse3, ssse3, sse4a, sse4.1, sse4.2, popcnt, lzcnt, tsc, tscinvbit, avx, avx2, aes, erms, clmul, bmi1, bmi2, adx, sha, fma, vzeroupper, clflush, clflushopt, hv, rdtscp, rdpid, fsrm, f16c, cet_ss
Processor Information for processor 0
  Max Mhz: 2301, Current Mhz: 2010, Mhz Limit: 2301
Processor Information for processor 1
  Max Mhz: 2301, Current Mhz: 2301, Mhz Limit: 2301
Processor Information for processor 2
  Max Mhz: 2301, Current Mhz: 2010, Mhz Limit: 2301
Processor Information for processor 3
  Max Mhz: 2301, Current Mhz: 2301, Mhz Limit: 2301
Processor Information for processor 4
  Max Mhz: 2301, Current Mhz: 2301, Mhz Limit: 2301
Processor Information for processor 5
  Max Mhz: 2301, Current Mhz: 2010, Mhz Limit: 2301
Processor Information for processor 6
  Max Mhz: 2301, Current Mhz: 2301, Mhz Limit: 2301
Processor Information for processor 7
  Max Mhz: 2301, Current Mhz: 2301, Mhz Limit: 2301
Processor Information for processor 8
  Max Mhz: 2301, Current Mhz: 2301, Mhz Limit: 2301
Processor Information for processor 9
  Max Mhz: 2301, Current Mhz: 2301, Mhz Limit: 2301
Processor Information for processor 10
  Max Mhz: 2301, Current Mhz: 2301, Mhz Limit: 2301
Processor Information for processor 11
  Max Mhz: 2301, Current Mhz: 2301, Mhz Limit: 2301

Memory: 4k page, system-wide physical 7528M (583M free)
TotalPageFile size 31080M (AvailPageFile size 98M)
current process WorkingSet (physical memory assigned to process): 13M, peak: 13M
current process commit charge ("private bytes"): 65M, peak: 182M

vm_info: Java HotSpot(TM) 64-Bit Server VM (23.0.1+11-39) for windows-amd64 JRE (23.0.1+11-39), built on 2024-09-30T07:20:43Z with MS VC++ 17.6 (VS2022)

END.
